<?xml version="1.0" encoding="UTF-8"?>
<!-- Generated by org.testng.reporters.JUnitReportReporter -->
<testsuite hostname="DESKTOP-1R2AD2C" failures="0" tests="1" name="com.sgtesting.restapi.Countries" time="10.873" errors="0" timestamp="2022-09-19T13:20:36 IST" skipped="0">
  <testcase classname="com.sgtesting.restapi.Countries" name="getCountry" time="10.873"/>
  <system-out/>
</testsuite> <!-- com.sgtesting.restapi.Countries -->
