<?xml version="1.0" encoding="UTF-8"?>
<!-- Generated by org.testng.reporters.JUnitReportReporter -->
<testsuite hostname="DESKTOP-1R2AD2C" failures="0" tests="1" name="com.sgtesting.restapi.ReadJSONFile" time="0.056" errors="0" timestamp="2022-09-20T10:37:51 IST" skipped="0">
  <testcase classname="com.sgtesting.restapi.ReadJSONFile" name="demo1" time="0.056"/>
  <system-out/>
</testsuite> <!-- com.sgtesting.restapi.ReadJSONFile -->
