<?xml version="1.0" encoding="UTF-8"?>
<!-- Generated by org.testng.reporters.JUnitReportReporter -->
<testsuite hostname="DESKTOP-1R2AD2C" failures="0" tests="3" name="com.sgtesting.tests.UserScenarioDemoPatch" time="22.667" errors="0" timestamp="2022-09-15T12:42:58 IST" skipped="0">
  <testcase classname="com.sgtesting.tests.UserScenarioDemoPatch" name="signin" time="18.058"/>
  <system-out/>
  <testcase classname="com.sgtesting.tests.UserScenarioDemoPatch" name="createuser" time="1.730"/>
  <system-out/>
  <testcase classname="com.sgtesting.tests.UserScenarioDemoPatch" name="getuser" time="2.879"/>
  <system-out/>
</testsuite> <!-- com.sgtesting.tests.UserScenarioDemoPatch -->
