<?xml version="1.0" encoding="UTF-8"?>
<!-- Generated by org.testng.reporters.JUnitReportReporter -->
<testsuite hostname="DESKTOP-1R2AD2C" failures="0" tests="3" name="com.sgtesting.restapi.APItest" time="7.973" errors="0" timestamp="2022-09-17T13:16:22 IST" skipped="0">
  <testcase classname="com.sgtesting.restapi.APItest" name="user1Post" time="4.193"/>
  <system-out/>
  <testcase classname="com.sgtesting.restapi.APItest" name="getUser" time="2.865"/>
  <system-out/>
  <testcase classname="com.sgtesting.restapi.APItest" name="deleteUser" time="0.915"/>
  <system-out/>
</testsuite> <!-- com.sgtesting.restapi.APItest -->
