<?xml version="1.0" encoding="UTF-8"?>
<!-- Generated by org.testng.reporters.JUnitReportReporter -->
<testsuite hostname="DESKTOP-1R2AD2C" failures="0" tests="6" name="com.sgtesting.tests.UserScenario" time="6.837" errors="0" timestamp="2022-09-14T04:10:57 GMT-07:00" skipped="0">
  <testcase classname="com.sgtesting.tests.UserScenario" name="I_provided_Post_Request_Endpoint" time="0.941"/>
  <system-out/>
  <testcase classname="com.sgtesting.tests.UserScenario" name="I_created_Request_Specification_object" time="0.265"/>
  <system-out/>
  <testcase classname="com.sgtesting.tests.UserScenario" name="I_provided_File_to_request_body" time="0.095"/>
  <system-out/>
  <testcase classname="com.sgtesting.tests.UserScenario" name="I_Execute_Post_method" time="4.059"/>
  <system-out/>
  <testcase classname="com.sgtesting.tests.UserScenario" name="I_capture_auth_Token" time="1.456"/>
  <system-out/>
  <testcase classname="com.sgtesting.tests.UserScenario" name="I_got_Status_code_as_200" time="0.021"/>
  <system-out/>
</testsuite> <!-- com.sgtesting.tests.UserScenario -->
